<?xml version="1.0" encoding="UTF-8"?>
<testng-results ignored="0" total="1" passed="1" failed="0" skipped="0">
  <reporter-output>
  </reporter-output>
  <suite started-at="2025-05-14T16:55:38 IST" name="Default suite" finished-at="2025-05-14T16:56:01 IST" duration-ms="23045">
    <groups>
    </groups>
    <test started-at="2025-05-14T16:55:38 IST" name="Default test" finished-at="2025-05-14T16:56:01 IST" duration-ms="23045">
      <class name="tests.Registration">
        <test-method is-config="true" signature="Setup()[pri:0, instance:tests.Registration@112f364d]" started-at="2025-05-14T16:55:38 IST" name="Setup" finished-at="2025-05-14T16:55:41 IST" duration-ms="3495" status="PASS">
          <reporter-output>
          </reporter-output>
        </test-method> <!-- Setup -->
        <test-method signature="Registered()[pri:0, instance:tests.Registration@112f364d]" started-at="2025-05-14T16:55:41 IST" name="Registered" finished-at="2025-05-14T16:55:59 IST" duration-ms="17291" status="PASS">
          <reporter-output>
          </reporter-output>
        </test-method> <!-- Registered -->
        <test-method is-config="true" signature="tearDown()[pri:0, instance:tests.Registration@112f364d]" started-at="2025-05-14T16:55:59 IST" name="tearDown" finished-at="2025-05-14T16:56:01 IST" duration-ms="2220" status="PASS">
          <reporter-output>
          </reporter-output>
        </test-method> <!-- tearDown -->
      </class> <!-- tests.Registration -->
    </test> <!-- Default test -->
  </suite> <!-- Default suite -->
</testng-results>
